<?xml version="1.0" encoding="UTF-8"?>
<testsuite xmlns:xsi="http://www.w3.org/2001/XMLSchema-instance" xsi:noNamespaceSchemaLocation="https://maven.apache.org/surefire/maven-surefire-plugin/xsd/surefire-test-report-3.0.xsd" version="3.0" name="com.luxiaobu.playlinux.PlayLinuxApplicationTests" time="2.796" tests="1" errors="0" skipped="0" failures="0">
  <properties>
    <property name="java.specification.version" value="17"/>
    <property name="sun.cpu.isalist" value="amd64"/>
    <property name="sun.jnu.encoding" value="GBK"/>
    <property name="java.class.path" value="D:\LWHPro\Java\play-linux\target\test-classes;D:\LWHPro\Java\play-linux\target\classes;D:\LWHPro\Java\apache-maven-3.8.4\respository\org\springframework\boot\spring-boot-starter-web\3.1.2\spring-boot-starter-web-3.1.2.jar;D:\LWHPro\Java\apache-maven-3.8.4\respository\org\springframework\boot\spring-boot-starter\3.1.2\spring-boot-starter-3.1.2.jar;D:\LWHPro\Java\apache-maven-3.8.4\respository\org\springframework\boot\spring-boot-starter-logging\3.1.2\spring-boot-starter-logging-3.1.2.jar;D:\LWHPro\Java\apache-maven-3.8.4\respository\ch\qos\logback\logback-classic\1.4.8\logback-classic-1.4.8.jar;D:\LWHPro\Java\apache-maven-3.8.4\respository\ch\qos\logback\logback-core\1.4.8\logback-core-1.4.8.jar;D:\LWHPro\Java\apache-maven-3.8.4\respository\org\apache\logging\log4j\log4j-to-slf4j\2.20.0\log4j-to-slf4j-2.20.0.jar;D:\LWHPro\Java\apache-maven-3.8.4\respository\org\apache\logging\log4j\log4j-api\2.20.0\log4j-api-2.20.0.jar;D:\LWHPro\Java\apache-maven-3.8.4\respository\org\slf4j\jul-to-slf4j\2.0.7\jul-to-slf4j-2.0.7.jar;D:\LWHPro\Java\apache-maven-3.8.4\respository\org\yaml\snakeyaml\1.33\snakeyaml-1.33.jar;D:\LWHPro\Java\apache-maven-3.8.4\respository\org\springframework\boot\spring-boot-starter-json\3.1.2\spring-boot-starter-json-3.1.2.jar;D:\LWHPro\Java\apache-maven-3.8.4\respository\com\fasterxml\jackson\core\jackson-databind\2.15.2\jackson-databind-2.15.2.jar;D:\LWHPro\Java\apache-maven-3.8.4\respository\com\fasterxml\jackson\core\jackson-annotations\2.15.2\jackson-annotations-2.15.2.jar;D:\LWHPro\Java\apache-maven-3.8.4\respository\com\fasterxml\jackson\core\jackson-core\2.15.2\jackson-core-2.15.2.jar;D:\LWHPro\Java\apache-maven-3.8.4\respository\com\fasterxml\jackson\datatype\jackson-datatype-jdk8\2.15.2\jackson-datatype-jdk8-2.15.2.jar;D:\LWHPro\Java\apache-maven-3.8.4\respository\com\fasterxml\jackson\datatype\jackson-datatype-jsr310\2.15.2\jackson-datatype-jsr310-2.15.2.jar;D:\LWHPro\Java\apache-maven-3.8.4\respository\com\fasterxml\jackson\module\jackson-module-parameter-names\2.15.2\jackson-module-parameter-names-2.15.2.jar;D:\LWHPro\Java\apache-maven-3.8.4\respository\org\springframework\spring-web\6.0.11\spring-web-6.0.11.jar;D:\LWHPro\Java\apache-maven-3.8.4\respository\org\springframework\spring-beans\6.0.11\spring-beans-6.0.11.jar;D:\LWHPro\Java\apache-maven-3.8.4\respository\io\micrometer\micrometer-observation\1.11.2\micrometer-observation-1.11.2.jar;D:\LWHPro\Java\apache-maven-3.8.4\respository\io\micrometer\micrometer-commons\1.11.2\micrometer-commons-1.11.2.jar;D:\LWHPro\Java\apache-maven-3.8.4\respository\org\springframework\spring-webmvc\6.0.11\spring-webmvc-6.0.11.jar;D:\LWHPro\Java\apache-maven-3.8.4\respository\org\springframework\spring-aop\6.0.11\spring-aop-6.0.11.jar;D:\LWHPro\Java\apache-maven-3.8.4\respository\org\springframework\spring-context\6.0.11\spring-context-6.0.11.jar;D:\LWHPro\Java\apache-maven-3.8.4\respository\org\springframework\spring-expression\6.0.11\spring-expression-6.0.11.jar;D:\LWHPro\Java\apache-maven-3.8.4\respository\org\springframework\boot\spring-boot-devtools\3.1.2\spring-boot-devtools-3.1.2.jar;D:\LWHPro\Java\apache-maven-3.8.4\respository\org\springframework\boot\spring-boot\3.1.2\spring-boot-3.1.2.jar;D:\LWHPro\Java\apache-maven-3.8.4\respository\org\springframework\boot\spring-boot-autoconfigure\3.1.2\spring-boot-autoconfigure-3.1.2.jar;D:\LWHPro\Java\apache-maven-3.8.4\respository\org\projectlombok\lombok\1.18.28\lombok-1.18.28.jar;D:\LWHPro\Java\apache-maven-3.8.4\respository\org\springframework\boot\spring-boot-starter-tomcat\3.1.2\spring-boot-starter-tomcat-3.1.2.jar;D:\LWHPro\Java\apache-maven-3.8.4\respository\jakarta\annotation\jakarta.annotation-api\2.1.1\jakarta.annotation-api-2.1.1.jar;D:\LWHPro\Java\apache-maven-3.8.4\respository\org\apache\tomcat\embed\tomcat-embed-core\10.1.11\tomcat-embed-core-10.1.11.jar;D:\LWHPro\Java\apache-maven-3.8.4\respository\org\apache\tomcat\embed\tomcat-embed-el\10.1.11\tomcat-embed-el-10.1.11.jar;D:\LWHPro\Java\apache-maven-3.8.4\respository\org\apache\tomcat\embed\tomcat-embed-websocket\10.1.11\tomcat-embed-websocket-10.1.11.jar;D:\LWHPro\Java\apache-maven-3.8.4\respository\org\springframework\boot\spring-boot-starter-test\3.1.2\spring-boot-starter-test-3.1.2.jar;D:\LWHPro\Java\apache-maven-3.8.4\respository\org\springframework\boot\spring-boot-test\3.1.2\spring-boot-test-3.1.2.jar;D:\LWHPro\Java\apache-maven-3.8.4\respository\org\springframework\boot\spring-boot-test-autoconfigure\3.1.2\spring-boot-test-autoconfigure-3.1.2.jar;D:\LWHPro\Java\apache-maven-3.8.4\respository\com\jayway\jsonpath\json-path\2.8.0\json-path-2.8.0.jar;D:\LWHPro\Java\apache-maven-3.8.4\respository\org\slf4j\slf4j-api\2.0.7\slf4j-api-2.0.7.jar;D:\LWHPro\Java\apache-maven-3.8.4\respository\jakarta\xml\bind\jakarta.xml.bind-api\4.0.0\jakarta.xml.bind-api-4.0.0.jar;D:\LWHPro\Java\apache-maven-3.8.4\respository\jakarta\activation\jakarta.activation-api\2.1.2\jakarta.activation-api-2.1.2.jar;D:\LWHPro\Java\apache-maven-3.8.4\respository\net\minidev\json-smart\2.4.11\json-smart-2.4.11.jar;D:\LWHPro\Java\apache-maven-3.8.4\respository\net\minidev\accessors-smart\2.4.11\accessors-smart-2.4.11.jar;D:\LWHPro\Java\apache-maven-3.8.4\respository\org\ow2\asm\asm\9.3\asm-9.3.jar;D:\LWHPro\Java\apache-maven-3.8.4\respository\org\assertj\assertj-core\3.24.2\assertj-core-3.24.2.jar;D:\LWHPro\Java\apache-maven-3.8.4\respository\net\bytebuddy\byte-buddy\1.14.5\byte-buddy-1.14.5.jar;D:\LWHPro\Java\apache-maven-3.8.4\respository\org\hamcrest\hamcrest\2.2\hamcrest-2.2.jar;D:\LWHPro\Java\apache-maven-3.8.4\respository\org\junit\jupiter\junit-jupiter\5.9.3\junit-jupiter-5.9.3.jar;D:\LWHPro\Java\apache-maven-3.8.4\respository\org\junit\jupiter\junit-jupiter-api\5.9.3\junit-jupiter-api-5.9.3.jar;D:\LWHPro\Java\apache-maven-3.8.4\respository\org\opentest4j\opentest4j\1.2.0\opentest4j-1.2.0.jar;D:\LWHPro\Java\apache-maven-3.8.4\respository\org\junit\platform\junit-platform-commons\1.9.3\junit-platform-commons-1.9.3.jar;D:\LWHPro\Java\apache-maven-3.8.4\respository\org\apiguardian\apiguardian-api\1.1.2\apiguardian-api-1.1.2.jar;D:\LWHPro\Java\apache-maven-3.8.4\respository\org\junit\jupiter\junit-jupiter-params\5.9.3\junit-jupiter-params-5.9.3.jar;D:\LWHPro\Java\apache-maven-3.8.4\respository\org\junit\jupiter\junit-jupiter-engine\5.9.3\junit-jupiter-engine-5.9.3.jar;D:\LWHPro\Java\apache-maven-3.8.4\respository\org\junit\platform\junit-platform-engine\1.9.3\junit-platform-engine-1.9.3.jar;D:\LWHPro\Java\apache-maven-3.8.4\respository\org\mockito\mockito-core\5.3.1\mockito-core-5.3.1.jar;D:\LWHPro\Java\apache-maven-3.8.4\respository\net\bytebuddy\byte-buddy-agent\1.14.5\byte-buddy-agent-1.14.5.jar;D:\LWHPro\Java\apache-maven-3.8.4\respository\org\objenesis\objenesis\3.3\objenesis-3.3.jar;D:\LWHPro\Java\apache-maven-3.8.4\respository\org\mockito\mockito-junit-jupiter\5.3.1\mockito-junit-jupiter-5.3.1.jar;D:\LWHPro\Java\apache-maven-3.8.4\respository\org\skyscreamer\jsonassert\1.5.1\jsonassert-1.5.1.jar;D:\LWHPro\Java\apache-maven-3.8.4\respository\com\vaadin\external\google\android-json\0.0.20131108.vaadin1\android-json-0.0.20131108.vaadin1.jar;D:\LWHPro\Java\apache-maven-3.8.4\respository\org\springframework\spring-core\6.0.11\spring-core-6.0.11.jar;D:\LWHPro\Java\apache-maven-3.8.4\respository\org\springframework\spring-jcl\6.0.11\spring-jcl-6.0.11.jar;D:\LWHPro\Java\apache-maven-3.8.4\respository\org\springframework\spring-test\6.0.11\spring-test-6.0.11.jar;D:\LWHPro\Java\apache-maven-3.8.4\respository\org\xmlunit\xmlunit-core\2.9.1\xmlunit-core-2.9.1.jar;"/>
    <property name="java.vm.vendor" value="Oracle Corporation"/>
    <property name="sun.arch.data.model" value="64"/>
    <property name="user.variant" value=""/>
    <property name="java.vendor.url" value="https://java.oracle.com/"/>
    <property name="user.timezone" value="Asia/Shanghai"/>
    <property name="os.name" value="Windows 11"/>
    <property name="java.vm.specification.version" value="17"/>
    <property name="sun.java.launcher" value="SUN_STANDARD"/>
    <property name="user.country" value="CN"/>
    <property name="sun.boot.library.path" value="D:\environment\jdk17\bin"/>
    <property name="sun.java.command" value="C:\Users\lwh11\AppData\Local\Temp\surefire4902391827532718414\surefirebooter-20230815185643209_3.jar C:\Users\lwh11\AppData\Local\Temp\surefire4902391827532718414 2023-08-15T18-56-43_023-jvmRun1 surefire-20230815185643209_1tmp surefire_0-20230815185643209_2tmp"/>
    <property name="jdk.debug" value="release"/>
    <property name="surefire.test.class.path" value="D:\LWHPro\Java\play-linux\target\test-classes;D:\LWHPro\Java\play-linux\target\classes;D:\LWHPro\Java\apache-maven-3.8.4\respository\org\springframework\boot\spring-boot-starter-web\3.1.2\spring-boot-starter-web-3.1.2.jar;D:\LWHPro\Java\apache-maven-3.8.4\respository\org\springframework\boot\spring-boot-starter\3.1.2\spring-boot-starter-3.1.2.jar;D:\LWHPro\Java\apache-maven-3.8.4\respository\org\springframework\boot\spring-boot-starter-logging\3.1.2\spring-boot-starter-logging-3.1.2.jar;D:\LWHPro\Java\apache-maven-3.8.4\respository\ch\qos\logback\logback-classic\1.4.8\logback-classic-1.4.8.jar;D:\LWHPro\Java\apache-maven-3.8.4\respository\ch\qos\logback\logback-core\1.4.8\logback-core-1.4.8.jar;D:\LWHPro\Java\apache-maven-3.8.4\respository\org\apache\logging\log4j\log4j-to-slf4j\2.20.0\log4j-to-slf4j-2.20.0.jar;D:\LWHPro\Java\apache-maven-3.8.4\respository\org\apache\logging\log4j\log4j-api\2.20.0\log4j-api-2.20.0.jar;D:\LWHPro\Java\apache-maven-3.8.4\respository\org\slf4j\jul-to-slf4j\2.0.7\jul-to-slf4j-2.0.7.jar;D:\LWHPro\Java\apache-maven-3.8.4\respository\org\yaml\snakeyaml\1.33\snakeyaml-1.33.jar;D:\LWHPro\Java\apache-maven-3.8.4\respository\org\springframework\boot\spring-boot-starter-json\3.1.2\spring-boot-starter-json-3.1.2.jar;D:\LWHPro\Java\apache-maven-3.8.4\respository\com\fasterxml\jackson\core\jackson-databind\2.15.2\jackson-databind-2.15.2.jar;D:\LWHPro\Java\apache-maven-3.8.4\respository\com\fasterxml\jackson\core\jackson-annotations\2.15.2\jackson-annotations-2.15.2.jar;D:\LWHPro\Java\apache-maven-3.8.4\respository\com\fasterxml\jackson\core\jackson-core\2.15.2\jackson-core-2.15.2.jar;D:\LWHPro\Java\apache-maven-3.8.4\respository\com\fasterxml\jackson\datatype\jackson-datatype-jdk8\2.15.2\jackson-datatype-jdk8-2.15.2.jar;D:\LWHPro\Java\apache-maven-3.8.4\respository\com\fasterxml\jackson\datatype\jackson-datatype-jsr310\2.15.2\jackson-datatype-jsr310-2.15.2.jar;D:\LWHPro\Java\apache-maven-3.8.4\respository\com\fasterxml\jackson\module\jackson-module-parameter-names\2.15.2\jackson-module-parameter-names-2.15.2.jar;D:\LWHPro\Java\apache-maven-3.8.4\respository\org\springframework\spring-web\6.0.11\spring-web-6.0.11.jar;D:\LWHPro\Java\apache-maven-3.8.4\respository\org\springframework\spring-beans\6.0.11\spring-beans-6.0.11.jar;D:\LWHPro\Java\apache-maven-3.8.4\respository\io\micrometer\micrometer-observation\1.11.2\micrometer-observation-1.11.2.jar;D:\LWHPro\Java\apache-maven-3.8.4\respository\io\micrometer\micrometer-commons\1.11.2\micrometer-commons-1.11.2.jar;D:\LWHPro\Java\apache-maven-3.8.4\respository\org\springframework\spring-webmvc\6.0.11\spring-webmvc-6.0.11.jar;D:\LWHPro\Java\apache-maven-3.8.4\respository\org\springframework\spring-aop\6.0.11\spring-aop-6.0.11.jar;D:\LWHPro\Java\apache-maven-3.8.4\respository\org\springframework\spring-context\6.0.11\spring-context-6.0.11.jar;D:\LWHPro\Java\apache-maven-3.8.4\respository\org\springframework\spring-expression\6.0.11\spring-expression-6.0.11.jar;D:\LWHPro\Java\apache-maven-3.8.4\respository\org\springframework\boot\spring-boot-devtools\3.1.2\spring-boot-devtools-3.1.2.jar;D:\LWHPro\Java\apache-maven-3.8.4\respository\org\springframework\boot\spring-boot\3.1.2\spring-boot-3.1.2.jar;D:\LWHPro\Java\apache-maven-3.8.4\respository\org\springframework\boot\spring-boot-autoconfigure\3.1.2\spring-boot-autoconfigure-3.1.2.jar;D:\LWHPro\Java\apache-maven-3.8.4\respository\org\projectlombok\lombok\1.18.28\lombok-1.18.28.jar;D:\LWHPro\Java\apache-maven-3.8.4\respository\org\springframework\boot\spring-boot-starter-tomcat\3.1.2\spring-boot-starter-tomcat-3.1.2.jar;D:\LWHPro\Java\apache-maven-3.8.4\respository\jakarta\annotation\jakarta.annotation-api\2.1.1\jakarta.annotation-api-2.1.1.jar;D:\LWHPro\Java\apache-maven-3.8.4\respository\org\apache\tomcat\embed\tomcat-embed-core\10.1.11\tomcat-embed-core-10.1.11.jar;D:\LWHPro\Java\apache-maven-3.8.4\respository\org\apache\tomcat\embed\tomcat-embed-el\10.1.11\tomcat-embed-el-10.1.11.jar;D:\LWHPro\Java\apache-maven-3.8.4\respository\org\apache\tomcat\embed\tomcat-embed-websocket\10.1.11\tomcat-embed-websocket-10.1.11.jar;D:\LWHPro\Java\apache-maven-3.8.4\respository\org\springframework\boot\spring-boot-starter-test\3.1.2\spring-boot-starter-test-3.1.2.jar;D:\LWHPro\Java\apache-maven-3.8.4\respository\org\springframework\boot\spring-boot-test\3.1.2\spring-boot-test-3.1.2.jar;D:\LWHPro\Java\apache-maven-3.8.4\respository\org\springframework\boot\spring-boot-test-autoconfigure\3.1.2\spring-boot-test-autoconfigure-3.1.2.jar;D:\LWHPro\Java\apache-maven-3.8.4\respository\com\jayway\jsonpath\json-path\2.8.0\json-path-2.8.0.jar;D:\LWHPro\Java\apache-maven-3.8.4\respository\org\slf4j\slf4j-api\2.0.7\slf4j-api-2.0.7.jar;D:\LWHPro\Java\apache-maven-3.8.4\respository\jakarta\xml\bind\jakarta.xml.bind-api\4.0.0\jakarta.xml.bind-api-4.0.0.jar;D:\LWHPro\Java\apache-maven-3.8.4\respository\jakarta\activation\jakarta.activation-api\2.1.2\jakarta.activation-api-2.1.2.jar;D:\LWHPro\Java\apache-maven-3.8.4\respository\net\minidev\json-smart\2.4.11\json-smart-2.4.11.jar;D:\LWHPro\Java\apache-maven-3.8.4\respository\net\minidev\accessors-smart\2.4.11\accessors-smart-2.4.11.jar;D:\LWHPro\Java\apache-maven-3.8.4\respository\org\ow2\asm\asm\9.3\asm-9.3.jar;D:\LWHPro\Java\apache-maven-3.8.4\respository\org\assertj\assertj-core\3.24.2\assertj-core-3.24.2.jar;D:\LWHPro\Java\apache-maven-3.8.4\respository\net\bytebuddy\byte-buddy\1.14.5\byte-buddy-1.14.5.jar;D:\LWHPro\Java\apache-maven-3.8.4\respository\org\hamcrest\hamcrest\2.2\hamcrest-2.2.jar;D:\LWHPro\Java\apache-maven-3.8.4\respository\org\junit\jupiter\junit-jupiter\5.9.3\junit-jupiter-5.9.3.jar;D:\LWHPro\Java\apache-maven-3.8.4\respository\org\junit\jupiter\junit-jupiter-api\5.9.3\junit-jupiter-api-5.9.3.jar;D:\LWHPro\Java\apache-maven-3.8.4\respository\org\opentest4j\opentest4j\1.2.0\opentest4j-1.2.0.jar;D:\LWHPro\Java\apache-maven-3.8.4\respository\org\junit\platform\junit-platform-commons\1.9.3\junit-platform-commons-1.9.3.jar;D:\LWHPro\Java\apache-maven-3.8.4\respository\org\apiguardian\apiguardian-api\1.1.2\apiguardian-api-1.1.2.jar;D:\LWHPro\Java\apache-maven-3.8.4\respository\org\junit\jupiter\junit-jupiter-params\5.9.3\junit-jupiter-params-5.9.3.jar;D:\LWHPro\Java\apache-maven-3.8.4\respository\org\junit\jupiter\junit-jupiter-engine\5.9.3\junit-jupiter-engine-5.9.3.jar;D:\LWHPro\Java\apache-maven-3.8.4\respository\org\junit\platform\junit-platform-engine\1.9.3\junit-platform-engine-1.9.3.jar;D:\LWHPro\Java\apache-maven-3.8.4\respository\org\mockito\mockito-core\5.3.1\mockito-core-5.3.1.jar;D:\LWHPro\Java\apache-maven-3.8.4\respository\net\bytebuddy\byte-buddy-agent\1.14.5\byte-buddy-agent-1.14.5.jar;D:\LWHPro\Java\apache-maven-3.8.4\respository\org\objenesis\objenesis\3.3\objenesis-3.3.jar;D:\LWHPro\Java\apache-maven-3.8.4\respository\org\mockito\mockito-junit-jupiter\5.3.1\mockito-junit-jupiter-5.3.1.jar;D:\LWHPro\Java\apache-maven-3.8.4\respository\org\skyscreamer\jsonassert\1.5.1\jsonassert-1.5.1.jar;D:\LWHPro\Java\apache-maven-3.8.4\respository\com\vaadin\external\google\android-json\0.0.20131108.vaadin1\android-json-0.0.20131108.vaadin1.jar;D:\LWHPro\Java\apache-maven-3.8.4\respository\org\springframework\spring-core\6.0.11\spring-core-6.0.11.jar;D:\LWHPro\Java\apache-maven-3.8.4\respository\org\springframework\spring-jcl\6.0.11\spring-jcl-6.0.11.jar;D:\LWHPro\Java\apache-maven-3.8.4\respository\org\springframework\spring-test\6.0.11\spring-test-6.0.11.jar;D:\LWHPro\Java\apache-maven-3.8.4\respository\org\xmlunit\xmlunit-core\2.9.1\xmlunit-core-2.9.1.jar;"/>
    <property name="sun.cpu.endian" value="little"/>
    <property name="user.home" value="C:\Users\lwh11"/>
    <property name="user.language" value="zh"/>
    <property name="java.specification.vendor" value="Oracle Corporation"/>
    <property name="java.version.date" value="2023-01-17"/>
    <property name="java.home" value="D:\environment\jdk17"/>
    <property name="file.separator" value="\"/>
    <property name="basedir" value="D:\LWHPro\Java\play-linux"/>
    <property name="java.vm.compressedOopsMode" value="Zero based"/>
    <property name="line.separator" value="&#10;"/>
    <property name="java.vm.specification.vendor" value="Oracle Corporation"/>
    <property name="java.specification.name" value="Java Platform API Specification"/>
    <property name="FILE_LOG_CHARSET" value="GBK"/>
    <property name="java.awt.headless" value="true"/>
    <property name="surefire.real.class.path" value="C:\Users\lwh11\AppData\Local\Temp\surefire4902391827532718414\surefirebooter-20230815185643209_3.jar"/>
    <property name="user.script" value=""/>
    <property name="sun.management.compiler" value="HotSpot 64-Bit Tiered Compilers"/>
    <property name="java.runtime.version" value="17.0.6+9-LTS-190"/>
    <property name="user.name" value="lwh11"/>
    <property name="path.separator" value=";"/>
    <property name="os.version" value="10.0"/>
    <property name="java.runtime.name" value="Java(TM) SE Runtime Environment"/>
    <property name="file.encoding" value="GBK"/>
    <property name="java.vm.name" value="Java HotSpot(TM) 64-Bit Server VM"/>
    <property name="localRepository" value="D:\LWHPro\Java\apache-maven-3.8.4\respository"/>
    <property name="java.vendor.url.bug" value="https://bugreport.java.com/bugreport/"/>
    <property name="java.io.tmpdir" value="C:\Users\lwh11\AppData\Local\Temp\"/>
    <property name="idea.version" value="2023.2"/>
    <property name="java.version" value="17.0.6"/>
    <property name="user.dir" value="D:\LWHPro\Java\play-linux"/>
    <property name="os.arch" value="amd64"/>
    <property name="java.vm.specification.name" value="Java Virtual Machine Specification"/>
    <property name="PID" value="27256"/>
    <property name="sun.os.patch.level" value=""/>
    <property name="CONSOLE_LOG_CHARSET" value="GBK"/>
    <property name="native.encoding" value="GBK"/>
    <property name="java.library.path" value="D:\environment\jdk17\bin;C:\WINDOWS\Sun\Java\bin;C:\WINDOWS\system32;C:\WINDOWS;D:\environment\python\Scripts\;D:\environment\python\;D:\environment\jdk17\bin;D:\environment\jdk17\jre\bin;C:\Program Files\Common Files\Oracle\Java\javapath;D:\Python\Scripts\;D:\Python\;C:\Windows\system32;C:\Windows;C:\Windows\System32\Wbem;C:\Windows\System32\WindowsPowerShell\v1.0\;C:\Windows\System32\OpenSSH\;C:\Program Files\NVIDIA Corporation\NVIDIA NvDLISR;C:\Program Files (x86)\NVIDIA Corporation\PhysX\Common;D:\LWHPython\venv\Lib\site-packages\django\bin;D:\Anaconda;D:\Anaconda\Library\mingw-w64\bin;D:\Anaconda\Library\usr\bin;D:\Anaconda\Library\bin;D:\Anaconda\Scripts;D:\LWHPro\Java\apache-maven-3.8.4\bin;D:\LWH;ro\Node14\;D:\GIT\Git\cmd;;D:\WeChatApp\微信web开发者工具\dll;C:\WINDOWS\system32;C:\WINDOWS;C:\WINDOWS\System32\Wbem;C:\WINDOWS\System32\WindowsPowerShell\v1.0\;C:\WINDOWS\System32\OpenSSH\;C:\Users\lwh11\AppData\Local\Microsoft\WindowsApps;D:\environment\jdk17\bin;D:\environment\jdk17\jre\bin;D:\IDEA\IntelliJ IDEA 2020.3.2\bin;D:\WebStorm\WebStorm 2020.3.3\bin;D:\VSCode\Microsoft VS Code\bin;C:\Users\lwh11\AppData\Local\JetBrains\Toolbox\scripts;C:\Users\lwh11\AppData\Roaming\npm;D:\IDE\DataGrip\DataGrip 2023.2\bin;;C:\Users\lwh11\AppData\Local\Microsoft\WindowsApps;D:\IDE\PyCharm\PyCharm 2023.2\bin;;D:\IDE\IDEA\IntelliJ IDEA 2023.2\bin;;;."/>
    <property name="java.vm.info" value="mixed mode, sharing"/>
    <property name="java.vendor" value="Oracle Corporation"/>
    <property name="java.vm.version" value="17.0.6+9-LTS-190"/>
    <property name="sun.io.unicode.encoding" value="UnicodeLittle"/>
    <property name="maven.repo.local" value="D:\LWHPro\Java\apache-maven-3.8.4\respository"/>
    <property name="java.class.version" value="61.0"/>
  </properties>
  <testcase name="contextLoads" classname="com.luxiaobu.playlinux.PlayLinuxApplicationTests" time="0.921">
    <system-out><![CDATA[18:56:44.088 [main] INFO org.springframework.test.context.support.AnnotationConfigContextLoaderUtils -- Could not detect default configuration classes for test class [com.luxiaobu.playlinux.PlayLinuxApplicationTests]: PlayLinuxApplicationTests does not declare any static, non-private, non-final, nested classes annotated with @Configuration.
18:56:44.181 [main] INFO org.springframework.boot.test.context.SpringBootTestContextBootstrapper -- Found @SpringBootConfiguration com.luxiaobu.playlinux.PlayLinuxApplication for test class com.luxiaobu.playlinux.PlayLinuxApplicationTests

  .   ____          _            __ _ _
 /\\ / ___'_ __ _ _(_)_ __  __ _ \ \ \ \
( ( )\___ | '_ | '_| | '_ \/ _` | \ \ \ \
 \\/  ___)| |_)| | | | | || (_| |  ) ) ) )
  '  |____| .__|_| |_|_| |_\__, | / / / /
 =========|_|==============|___/=/_/_/_/
 :: Spring Boot ::                (v3.1.2)

2023-08-15T18:56:44.641+08:00  INFO 27256 --- [           main] c.l.playlinux.PlayLinuxApplicationTests  : Starting PlayLinuxApplicationTests using Java 17.0.6 with PID 27256 (started by lwh11 in D:\LWHPro\Java\play-linux)
2023-08-15T18:56:44.642+08:00  INFO 27256 --- [           main] c.l.playlinux.PlayLinuxApplicationTests  : No active profile set, falling back to 1 default profile: "default"
2023-08-15T18:56:45.792+08:00  INFO 27256 --- [           main] c.l.playlinux.PlayLinuxApplicationTests  : Started PlayLinuxApplicationTests in 1.47 seconds (process running for 2.478)
]]></system-out>
  </testcase>
</testsuite>